2025-04-03 18:25:29,886 - INFO - Application started.
2025-04-03 18:25:29,908 - INFO - Starting the experiment...
2025-04-03 18:25:29,919 - INFO - Starting replication 1/10
2025-04-03 18:25:34,469 - INFO - Starting replication 2/10
2025-04-03 18:25:35,260 - INFO - Starting replication 3/10
2025-04-03 18:25:35,335 - INFO - Starting replication 4/10
2025-04-03 18:25:35,430 - INFO - Starting replication 5/10
2025-04-03 18:25:35,509 - INFO - Starting replication 6/10
2025-04-03 18:25:35,599 - INFO - Starting replication 7/10
2025-04-03 18:25:35,694 - INFO - Starting replication 8/10
2025-04-03 18:25:35,798 - INFO - Starting replication 9/10
2025-04-03 18:25:35,895 - INFO - Starting replication 10/10
2025-04-03 18:25:35,976 - INFO - Experiment completed successfully.
2025-04-03 18:25:35,976 - INFO - Generating plots for the experiment results...
2025-04-03 18:25:37,174 - INFO - Plots generated successfully.
2025-04-03 18:25:37,174 - INFO - Application finished successfully.
2025-04-04 13:23:31,739 - INFO - Application started.
2025-04-04 13:23:31,761 - INFO - Starting the experiment...
2025-04-04 13:23:31,769 - INFO - Starting replication 1/10
2025-04-04 13:23:39,807 - INFO - Starting replication 2/10
2025-04-04 13:23:43,124 - INFO - Starting replication 3/10
2025-04-04 13:23:46,418 - INFO - Starting replication 4/10
2025-04-04 13:23:49,666 - INFO - Starting replication 5/10
2025-04-04 13:23:53,114 - INFO - Starting replication 6/10
2025-04-04 13:23:56,493 - INFO - Starting replication 7/10
2025-04-04 13:23:59,896 - INFO - Starting replication 8/10
2025-04-04 13:24:03,153 - INFO - Starting replication 9/10
2025-04-04 13:24:06,528 - INFO - Starting replication 10/10
2025-04-04 13:24:10,030 - INFO - Experiment completed successfully.
2025-04-04 13:24:10,030 - INFO - Generating plots for the experiment results...
2025-04-04 13:24:11,538 - INFO - Plots generated successfully.
2025-04-04 13:24:11,538 - INFO - Application finished successfully.
2025-04-04 13:27:42,031 - INFO - Application started.
2025-04-04 13:27:42,041 - INFO - Starting the experiment...
2025-04-04 13:27:42,048 - INFO - Starting replication 1/10
2025-04-04 13:27:50,262 - INFO - Starting replication 2/10
2025-04-04 13:27:53,647 - INFO - Starting replication 3/10
2025-04-04 13:27:56,961 - INFO - Starting replication 4/10
2025-04-04 13:28:00,275 - INFO - Starting replication 5/10
2025-04-04 13:28:03,708 - INFO - Starting replication 6/10
2025-04-04 13:28:07,420 - INFO - Starting replication 7/10
2025-04-04 13:28:10,817 - INFO - Starting replication 8/10
2025-04-04 13:28:14,295 - INFO - Starting replication 9/10
2025-04-04 13:28:17,581 - INFO - Starting replication 10/10
2025-04-04 13:28:21,113 - INFO - Experiment completed successfully.
2025-04-04 13:28:21,113 - INFO - Generating plots for the experiment results...
2025-04-04 13:28:22,585 - INFO - Plots generated successfully.
2025-04-04 13:28:22,585 - INFO - Application finished successfully.
2025-04-04 13:39:52,171 - INFO - Application started.
2025-04-04 13:39:52,180 - INFO - Starting the experiment...
2025-04-04 13:39:52,188 - INFO - Starting replication 1/10
2025-04-04 13:39:59,940 - INFO - Starting replication 2/10
2025-04-04 13:40:03,446 - INFO - Starting replication 3/10
2025-04-04 13:40:06,745 - INFO - Starting replication 4/10
2025-04-04 13:40:09,979 - INFO - Starting replication 5/10
2025-04-04 13:40:13,663 - INFO - Starting replication 6/10
2025-04-04 13:40:17,018 - INFO - Starting replication 7/10
2025-04-04 13:40:20,591 - INFO - Starting replication 8/10
2025-04-04 13:40:24,073 - INFO - Starting replication 9/10
2025-04-04 13:40:27,358 - INFO - Starting replication 10/10
2025-04-04 13:40:30,642 - INFO - Experiment completed successfully.
2025-04-04 13:40:30,642 - INFO - Generating plots for the experiment results...
2025-04-04 13:40:32,054 - INFO - Plots generated successfully.
2025-04-04 13:40:32,054 - INFO - Application finished successfully.
2025-04-04 13:57:12,596 - INFO - Application started.
2025-04-04 13:57:12,605 - INFO - Starting the experiment...
2025-04-04 13:57:12,613 - INFO - Starting replication 1/10
2025-04-04 13:57:20,569 - INFO - Starting replication 2/10
2025-04-04 13:57:24,041 - INFO - Starting replication 3/10
2025-04-04 13:57:27,385 - INFO - Starting replication 4/10
2025-04-04 13:57:30,812 - INFO - Starting replication 5/10
2025-04-04 13:57:34,286 - INFO - Starting replication 6/10
2025-04-04 13:57:37,535 - INFO - Starting replication 7/10
2025-04-04 13:57:40,897 - INFO - Starting replication 8/10
2025-04-04 13:57:44,344 - INFO - Starting replication 9/10
2025-04-04 13:57:47,680 - INFO - Starting replication 10/10
2025-04-04 13:57:51,009 - INFO - Experiment completed successfully.
2025-04-04 13:57:51,009 - INFO - Generating plots for the experiment results...
2025-04-04 13:57:53,652 - INFO - Plots generated successfully.
2025-04-04 13:57:53,653 - INFO - Application finished successfully.
2025-04-04 14:04:07,162 - INFO - Application started.
2025-04-04 14:04:07,174 - INFO - Starting the experiment...
2025-04-04 14:04:07,185 - INFO - Starting replication 1/10
2025-04-04 14:04:15,331 - INFO - Starting replication 2/10
2025-04-04 14:04:18,769 - INFO - Starting replication 3/10
2025-04-04 14:04:22,413 - INFO - Starting replication 4/10
2025-04-04 14:04:25,755 - INFO - Starting replication 5/10
2025-04-04 14:04:29,233 - INFO - Starting replication 6/10
2025-04-04 14:04:32,837 - INFO - Starting replication 7/10
2025-04-04 14:04:36,243 - INFO - Starting replication 8/10
2025-04-04 14:04:39,644 - INFO - Starting replication 9/10
2025-04-04 14:04:43,197 - INFO - Starting replication 10/10
2025-04-04 14:04:46,734 - INFO - Experiment completed successfully.
2025-04-04 14:04:46,734 - INFO - Generating plots for the experiment results...
2025-04-04 14:04:50,248 - INFO - Plots generated successfully.
2025-04-04 14:04:50,248 - INFO - Application finished successfully.
2025-04-04 14:07:16,651 - INFO - Application started.
2025-04-04 14:07:16,666 - INFO - Starting the experiment...
2025-04-04 14:07:16,681 - INFO - Starting replication 1/10
2025-04-04 14:07:25,827 - INFO - Starting replication 2/10
2025-04-04 14:07:31,396 - INFO - Starting replication 3/10
2025-04-04 14:07:36,915 - INFO - Starting replication 4/10
2025-04-04 14:07:42,910 - INFO - Starting replication 5/10
2025-04-04 14:07:48,909 - INFO - Starting replication 6/10
2025-04-04 14:07:54,342 - INFO - Starting replication 7/10
2025-04-04 14:08:00,408 - INFO - Starting replication 8/10
2025-04-04 14:08:06,794 - INFO - Starting replication 9/10
2025-04-04 14:08:12,911 - INFO - Starting replication 10/10
2025-04-04 14:08:19,859 - INFO - Experiment completed successfully.
2025-04-04 14:08:19,859 - INFO - Generating plots for the experiment results...
2025-04-04 14:08:25,614 - INFO - Plots generated successfully.
2025-04-04 14:08:25,614 - INFO - Application finished successfully.
2025-04-04 14:14:32,597 - INFO - Application started.
2025-04-04 14:14:32,615 - INFO - Starting the experiment...
2025-04-04 14:14:32,628 - INFO - Starting replication 1/10
2025-04-04 14:14:42,239 - INFO - Starting replication 2/10
2025-04-04 14:14:48,267 - INFO - Starting replication 3/10
2025-04-04 14:14:53,928 - INFO - Starting replication 4/10
2025-04-04 14:14:59,666 - INFO - Starting replication 5/10
2025-04-04 14:15:05,332 - INFO - Starting replication 6/10
2025-04-04 14:15:12,322 - INFO - Starting replication 7/10
2025-04-04 14:15:18,846 - INFO - Starting replication 8/10
2025-04-04 14:15:25,993 - INFO - Starting replication 9/10
2025-04-04 14:15:32,529 - INFO - Starting replication 10/10
2025-04-04 14:15:38,482 - INFO - Experiment completed successfully.
2025-04-04 14:15:38,482 - INFO - Generating plots for the experiment results...
2025-04-04 14:15:45,253 - INFO - Plots generated successfully.
2025-04-04 14:15:45,253 - INFO - Application finished successfully.
2025-04-04 14:22:56,817 - INFO - Application started.
2025-04-04 14:22:56,829 - INFO - Starting the experiment...
2025-04-04 14:22:56,838 - INFO - Starting replication 1/100
2025-04-04 14:23:12,925 - INFO - Application started.
2025-04-04 14:23:12,936 - INFO - Starting the experiment...
2025-04-04 14:23:12,945 - INFO - Starting replication 1/25
2025-04-04 14:23:21,566 - INFO - Starting replication 2/25
2025-04-04 14:23:27,094 - INFO - Starting replication 3/25
2025-04-04 14:23:32,746 - INFO - Starting replication 4/25
2025-04-04 14:23:38,205 - INFO - Starting replication 5/25
2025-04-04 14:23:43,588 - INFO - Starting replication 6/25
2025-04-04 14:23:49,230 - INFO - Starting replication 7/25
2025-04-04 14:23:54,546 - INFO - Starting replication 8/25
2025-04-04 14:24:00,212 - INFO - Starting replication 9/25
2025-04-04 14:24:05,490 - INFO - Starting replication 10/25
2025-04-04 14:24:10,770 - INFO - Starting replication 11/25
2025-04-04 14:24:16,067 - INFO - Starting replication 12/25
2025-04-04 14:24:21,379 - INFO - Starting replication 13/25
2025-04-04 14:24:27,599 - INFO - Starting replication 14/25
2025-04-04 14:24:34,194 - INFO - Starting replication 15/25
2025-04-04 14:24:40,353 - INFO - Starting replication 16/25
2025-04-04 14:24:46,752 - INFO - Starting replication 17/25
2025-04-04 14:24:52,451 - INFO - Starting replication 18/25
2025-04-04 14:24:58,538 - INFO - Starting replication 19/25
2025-04-04 14:25:04,457 - INFO - Starting replication 20/25
2025-04-04 14:25:10,437 - INFO - Starting replication 21/25
2025-04-04 14:25:16,854 - INFO - Starting replication 22/25
2025-04-04 14:25:23,723 - INFO - Starting replication 23/25
2025-04-04 14:25:30,000 - INFO - Starting replication 24/25
2025-04-04 14:25:35,402 - INFO - Starting replication 25/25
2025-04-04 14:25:41,170 - INFO - Experiment completed successfully.
2025-04-04 14:25:41,170 - INFO - Generating plots for the experiment results...
2025-04-04 14:25:47,062 - INFO - Plots generated successfully.
2025-04-04 14:25:47,062 - INFO - Application finished successfully.
